#-----------------------------------------------------------
# Vivado v2021.1 (64-bit)
# SW Build 3247384 on Thu Jun 10 19:36:07 MDT 2021
# IP Build 3246043 on Fri Jun 11 00:30:35 MDT 2021
# Start of session at: Tue Apr 16 03:43:09 2024
# Process ID: 21162
# Current directory: /home/lance/Documents/Hardware_Security/hardware_security_aes_project/hardware_security_aes_project.srcs
# Command line: vivado
# Log file: /home/lance/Documents/Hardware_Security/hardware_security_aes_project/hardware_security_aes_project.srcs/vivado.log
# Journal file: /home/lance/Documents/Hardware_Security/hardware_security_aes_project/hardware_security_aes_project.srcs/vivado.jou
#-----------------------------------------------------------
start_gui
open_project /home/lance/Documents/Hardware_Security/hardware_security_aes_project/hardware_security_aes_project.xpr
WARNING: [filemgmt 56-3] Default IP Output Path : Could not find the directory '/home/lance/Documents/Hardware_Security/hardware_security_aes_project/hardware_security_aes_project.gen/sources_1'.
Scanning sources...
Finished scanning sources
INFO: [IP_Flow 19-234] Refreshing IP repositories
INFO: [IP_Flow 19-1704] No user IP repositories specified
INFO: [IP_Flow 19-2313] Loaded Vivado IP repository '/tools/Xilinx/Vivado/2021.1/data/ip'.
INFO: [IP_Flow 19-3899] Cannot get the environment domain name variable for the component vendor name. Setting the vendor name to 'user.org'.
update_compile_order -fileset sources_1
launch_simulation
Command: launch_simulation 
INFO: [Vivado 12-12493] Simulation top is 'aes_encryption_top_tb'
INFO: [Vivado 12-5682] Launching behavioral simulation in '/home/lance/Documents/Hardware_Security/hardware_security_aes_project/hardware_security_aes_project.sim/sim_1/behav/xsim'
INFO: [IP_Flow 19-3899] Cannot get the environment domain name variable for the component vendor name. Setting the vendor name to 'user.org'.
INFO: [SIM-utils-51] Simulation object is 'sim_1'
INFO: [SIM-utils-72] Using boost library from '/tools/Xilinx/Vivado/2021.1/tps/boost_1_72_0'
INFO: [SIM-utils-54] Inspecting design source files for 'aes_encryption_top_tb' in fileset 'sim_1'...
INFO: [USF-XSim-97] Finding global include files...
INFO: [USF-XSim-98] Fetching design files from 'sim_1'...
INFO: [USF-XSim-2] XSim::Compile design
INFO: [USF-XSim-61] Executing 'COMPILE and ANALYZE' step in '/home/lance/Documents/Hardware_Security/hardware_security_aes_project/hardware_security_aes_project.sim/sim_1/behav/xsim'
xvhdl --incr --relax -prj aes_encryption_top_tb_vhdl.prj
INFO: [VRFC 10-163] Analyzing VHDL file "/home/lance/Documents/Hardware_Security/hardware_security_aes_project/hardware_security_aes_project.srcs/sources_1/new/aes_encryption_top.vhd" into library xil_defaultlib
INFO: [VRFC 10-3107] analyzing entity 'aes_encryption_top'
INFO: [VRFC 10-163] Analyzing VHDL file "/home/lance/Documents/Hardware_Security/hardware_security_aes_project/hardware_security_aes_project.srcs/sources_1/new/controller.vhd" into library xil_defaultlib
INFO: [VRFC 10-3107] analyzing entity 'controller'
INFO: [VRFC 10-163] Analyzing VHDL file "/home/lance/Documents/Hardware_Security/hardware_security_aes_project/hardware_security_aes_project.srcs/sources_1/new/key_schedule.vhd" into library xil_defaultlib
INFO: [VRFC 10-3107] analyzing entity 'key_schedule'
INFO: [VRFC 10-163] Analyzing VHDL file "/home/lance/Documents/Hardware_Security/hardware_security_aes_project/hardware_security_aes_project.srcs/sim_1/new/aes_encryption_top_tb.vhd" into library xil_defaultlib
INFO: [VRFC 10-3107] analyzing entity 'aes_encryption_top_tb'
Waiting for jobs to finish...
No pending jobs, compilation finished.
INFO: [USF-XSim-69] 'compile' step finished in '1' seconds
INFO: [USF-XSim-3] XSim::Elaborate design
INFO: [USF-XSim-61] Executing 'ELABORATE' step in '/home/lance/Documents/Hardware_Security/hardware_security_aes_project/hardware_security_aes_project.sim/sim_1/behav/xsim'
xelab -wto 0d2a92f51358401f968283247f9b66a7 --incr --debug typical --relax --mt 8 -L xil_defaultlib -L secureip --snapshot aes_encryption_top_tb_behav xil_defaultlib.aes_encryption_top_tb -log elaborate.log
Vivado Simulator v2021.1
Copyright 1986-1999, 2001-2021 Xilinx, Inc. All Rights Reserved.
Running: /tools/Xilinx/Vivado/2021.1/bin/unwrapped/lnx64.o/xelab -wto 0d2a92f51358401f968283247f9b66a7 --incr --debug typical --relax --mt 8 -L xil_defaultlib -L secureip --snapshot aes_encryption_top_tb_behav xil_defaultlib.aes_encryption_top_tb -log elaborate.log 
Using 8 slave threads.
Starting static elaboration
Completed static elaboration
Starting simulation data flow analysis
Completed simulation data flow analysis
Time Resolution for simulation is 1ps
Compiling package std.standard
Compiling package std.textio
Compiling package ieee.std_logic_1164
Compiling package ieee.numeric_std
Compiling architecture behavioral of entity xil_defaultlib.add_round_key [add_round_key_default]
Compiling architecture behavioral of entity xil_defaultlib.s_box [s_box_default]
Compiling architecture behavioral of entity xil_defaultlib.sub_bytes [sub_bytes_default]
Compiling architecture behavioral of entity xil_defaultlib.shift_rows [shift_rows_default]
Compiling architecture behavioral of entity xil_defaultlib.xtime [xtime_default]
Compiling architecture behavioral of entity xil_defaultlib.mix_single_column [mix_single_column_default]
Compiling architecture behavioral of entity xil_defaultlib.mix_columns [mix_columns_default]
Compiling architecture behavioral of entity xil_defaultlib.controller [controller_default]
Compiling architecture behavioral of entity xil_defaultlib.key_schedule_round [key_schedule_round_default]
Compiling architecture behavioral of entity xil_defaultlib.key_schedule [key_schedule_default]
Compiling architecture behavioral of entity xil_defaultlib.aes_encryption_top [aes_encryption_top_default]
Compiling architecture behavioral of entity xil_defaultlib.aes_encryption_top_tb
Built simulation snapshot aes_encryption_top_tb_behav
INFO: [USF-XSim-69] 'elaborate' step finished in '1' seconds
INFO: [USF-XSim-4] XSim::Simulate design
INFO: [USF-XSim-61] Executing 'SIMULATE' step in '/home/lance/Documents/Hardware_Security/hardware_security_aes_project/hardware_security_aes_project.sim/sim_1/behav/xsim'
INFO: [USF-XSim-98] *** Running xsim
   with args "aes_encryption_top_tb_behav -key {Behavioral:sim_1:Functional:aes_encryption_top_tb} -tclbatch {aes_encryption_top_tb.tcl} -log {simulate.log}"
INFO: [USF-XSim-8] Loading simulator feature
Time resolution is 1 ps
source aes_encryption_top_tb.tcl
# set curr_wave [current_wave_config]
# if { [string length $curr_wave] == 0 } {
#   if { [llength [get_objects]] > 0} {
#     add_wave /
#     set_property needs_save false [current_wave_config]
#   } else {
#      send_msg_id Add_Wave-1 WARNING "No top level signals found. Simulator will start without a wave window. If you want to open a wave window go to 'File->New Waveform Configuration' or type 'create_wave_config' in the TCL console."
#   }
# }
# run 1000ns
Note: ---------- Passed ----------
Time: 110 ns  Iteration: 0  Process: /aes_encryption_top_tb/line__51  File: /home/lance/Documents/Hardware_Security/hardware_security_aes_project/hardware_security_aes_project.srcs/sim_1/new/aes_encryption_top_tb.vhd
Note: ---------- Output must be: -------
Time: 110 ns  Iteration: 0  Process: /aes_encryption_top_tb/line__51  File: /home/lance/Documents/Hardware_Security/hardware_security_aes_project/hardware_security_aes_project.srcs/sim_1/new/aes_encryption_top_tb.vhd
Note: 320b6a19978511dcfb09dc021d842539
Time: 110 ns  Iteration: 0  Process: /aes_encryption_top_tb/line__51  File: /home/lance/Documents/Hardware_Security/hardware_security_aes_project/hardware_security_aes_project.srcs/sim_1/new/aes_encryption_top_tb.vhd
Note: ---------- Passed ----------
Time: 220 ns  Iteration: 0  Process: /aes_encryption_top_tb/line__51  File: /home/lance/Documents/Hardware_Security/hardware_security_aes_project/hardware_security_aes_project.srcs/sim_1/new/aes_encryption_top_tb.vhd
Note: ---------- Output must be: -------
Time: 220 ns  Iteration: 0  Process: /aes_encryption_top_tb/line__51  File: /home/lance/Documents/Hardware_Security/hardware_security_aes_project/hardware_security_aes_project.srcs/sim_1/new/aes_encryption_top_tb.vhd
Note: 2e2b34ca59fa4c883b2c8aefd44be966
Time: 220 ns  Iteration: 0  Process: /aes_encryption_top_tb/line__51  File: /home/lance/Documents/Hardware_Security/hardware_security_aes_project/hardware_security_aes_project.srcs/sim_1/new/aes_encryption_top_tb.vhd
Note: ---------- Passed ----------
Time: 330 ns  Iteration: 0  Process: /aes_encryption_top_tb/line__51  File: /home/lance/Documents/Hardware_Security/hardware_security_aes_project/hardware_security_aes_project.srcs/sim_1/new/aes_encryption_top_tb.vhd
Note: ---------- Output must be: -------
Time: 330 ns  Iteration: 0  Process: /aes_encryption_top_tb/line__51  File: /home/lance/Documents/Hardware_Security/hardware_security_aes_project/hardware_security_aes_project.srcs/sim_1/new/aes_encryption_top_tb.vhd
Note: 97ef6624f3ca9ea860367a0db47bd73a
Time: 330 ns  Iteration: 0  Process: /aes_encryption_top_tb/line__51  File: /home/lance/Documents/Hardware_Security/hardware_security_aes_project/hardware_security_aes_project.srcs/sim_1/new/aes_encryption_top_tb.vhd
INFO: [USF-XSim-96] XSim completed. Design snapshot 'aes_encryption_top_tb_behav' loaded.
INFO: [USF-XSim-97] XSim simulation ran for 1000ns
run 350 ns
close_sim
INFO: [Simtcl 6-16] Simulation closed
exit
INFO: [Common 17-206] Exiting Vivado at Tue Apr 16 03:54:27 2024...
